CRITICAL - 2023-10-10 06:38:21 --> Undefined variable $items
in APPPATH\Views\prodFile\proselect.php on line 15.
 1 APPPATH\Views\prodFile\proselect.php(15): CodeIgniter\Debug\Exceptions->errorHandler(2, 'Undefined variable $items', 'C:\\laragon\\www\\Laboratory3\\app\\Views\\prodFile\\proselect.php', 15)
 2 SYSTEMPATH\View\View.php(226): include('C:\\laragon\\www\\Laboratory3\\app\\Views\\prodFile\\proselect.php')
 3 SYSTEMPATH\View\View.php(229): CodeIgniter\View\View->CodeIgniter\View\{closure}()
 4 SYSTEMPATH\Common.php(1188): CodeIgniter\View\View->render('/prodFile/proselect', [], true)
 5 APPPATH\Views\fruits.php(6): view('/prodFile/proselect')
 6 SYSTEMPATH\View\View.php(226): include('C:\\laragon\\www\\Laboratory3\\app\\Views\\fruits.php')
 7 SYSTEMPATH\View\View.php(229): CodeIgniter\View\View->CodeIgniter\View\{closure}()
 8 SYSTEMPATH\Common.php(1188): CodeIgniter\View\View->render('fruits', [], true)
 9 APPPATH\Controllers\ProductController.php(43): view('fruits')
10 SYSTEMPATH\CodeIgniter.php(919): App\Controllers\ProductController->fruits()
11 SYSTEMPATH\CodeIgniter.php(494): CodeIgniter\CodeIgniter->runController(Object(App\Controllers\ProductController))
12 SYSTEMPATH\CodeIgniter.php(353): CodeIgniter\CodeIgniter->handleRequest(null, Object(Config\Cache), false)
13 FCPATH\index.php(79): CodeIgniter\CodeIgniter->run()
14 SYSTEMPATH\Commands\Server\rewrite.php(47): require_once('C:\\laragon\\www\\Laboratory3\\public\\index.php')
CRITICAL - 2023-10-10 06:42:58 --> Call to a member function orderBy() on array
in APPPATH\Controllers\ProductController.php on line 32.
 1 SYSTEMPATH\CodeIgniter.php(919): App\Controllers\ProductController->home()
 2 SYSTEMPATH\CodeIgniter.php(494): CodeIgniter\CodeIgniter->runController(Object(App\Controllers\ProductController))
 3 SYSTEMPATH\CodeIgniter.php(353): CodeIgniter\CodeIgniter->handleRequest(null, Object(Config\Cache), false)
 4 FCPATH\index.php(79): CodeIgniter\CodeIgniter->run()
 5 SYSTEMPATH\Commands\Server\rewrite.php(47): require_once('C:\\laragon\\www\\Laboratory3\\public\\index.php')
CRITICAL - 2023-10-10 06:43:56 --> Call to a member function orderBy() on array
in APPPATH\Controllers\ProductController.php on line 32.
 1 SYSTEMPATH\CodeIgniter.php(919): App\Controllers\ProductController->home()
 2 SYSTEMPATH\CodeIgniter.php(494): CodeIgniter\CodeIgniter->runController(Object(App\Controllers\ProductController))
 3 SYSTEMPATH\CodeIgniter.php(353): CodeIgniter\CodeIgniter->handleRequest(null, Object(Config\Cache), false)
 4 FCPATH\index.php(79): CodeIgniter\CodeIgniter->run()
 5 SYSTEMPATH\Commands\Server\rewrite.php(47): require_once('C:\\laragon\\www\\Laboratory3\\public\\index.php')
CRITICAL - 2023-10-10 06:44:03 --> Call to a member function orderBy() on array
in APPPATH\Controllers\ProductController.php on line 32.
 1 SYSTEMPATH\CodeIgniter.php(919): App\Controllers\ProductController->home()
 2 SYSTEMPATH\CodeIgniter.php(494): CodeIgniter\CodeIgniter->runController(Object(App\Controllers\ProductController))
 3 SYSTEMPATH\CodeIgniter.php(353): CodeIgniter\CodeIgniter->handleRequest(null, Object(Config\Cache), false)
 4 FCPATH\index.php(79): CodeIgniter\CodeIgniter->run()
 5 SYSTEMPATH\Commands\Server\rewrite.php(47): require_once('C:\\laragon\\www\\Laboratory3\\public\\index.php')
CRITICAL - 2023-10-10 06:44:55 --> Call to undefined method App\Models\ProductModel::limitThree
in SYSTEMPATH\Model.php on line 873.
 1 APPPATH\Controllers\ProductController.php(42): CodeIgniter\Model->__call('limitThree', [])
 2 SYSTEMPATH\CodeIgniter.php(919): App\Controllers\ProductController->home()
 3 SYSTEMPATH\CodeIgniter.php(494): CodeIgniter\CodeIgniter->runController(Object(App\Controllers\ProductController))
 4 SYSTEMPATH\CodeIgniter.php(353): CodeIgniter\CodeIgniter->handleRequest(null, Object(Config\Cache), false)
 5 FCPATH\index.php(79): CodeIgniter\CodeIgniter->run()
 6 SYSTEMPATH\Commands\Server\rewrite.php(47): require_once('C:\\laragon\\www\\Laboratory3\\public\\index.php')
CRITICAL - 2023-10-10 06:50:30 --> Cannot use object of type stdClass as array
in APPPATH\Views\prodFile\proselect.php on line 19.
 1 SYSTEMPATH\View\View.php(226): include()
 2 SYSTEMPATH\View\View.php(229): CodeIgniter\View\View->CodeIgniter\View\{closure}()
 3 SYSTEMPATH\Common.php(1188): CodeIgniter\View\View->render('/prodFile/proselect', [], true)
 4 APPPATH\Views\index.php(7): view('/prodFile/proselect')
 5 SYSTEMPATH\View\View.php(226): include('C:\\laragon\\www\\Laboratory3\\app\\Views\\index.php')
 6 SYSTEMPATH\View\View.php(229): CodeIgniter\View\View->CodeIgniter\View\{closure}()
 7 SYSTEMPATH\Common.php(1188): CodeIgniter\View\View->render('index', [], true)
 8 APPPATH\Controllers\ProductController.php(42): view('index', [...])
 9 SYSTEMPATH\CodeIgniter.php(919): App\Controllers\ProductController->home()
10 SYSTEMPATH\CodeIgniter.php(494): CodeIgniter\CodeIgniter->runController(Object(App\Controllers\ProductController))
11 SYSTEMPATH\CodeIgniter.php(353): CodeIgniter\CodeIgniter->handleRequest(null, Object(Config\Cache), false)
12 FCPATH\index.php(79): CodeIgniter\CodeIgniter->run()
13 SYSTEMPATH\Commands\Server\rewrite.php(47): require_once('C:\\laragon\\www\\Laboratory3\\public\\index.php')
CRITICAL - 2023-10-10 06:51:10 --> Cannot use object of type stdClass as array
in APPPATH\Views\prodFile\proselect.php on line 19.
 1 SYSTEMPATH\View\View.php(226): include()
 2 SYSTEMPATH\View\View.php(229): CodeIgniter\View\View->CodeIgniter\View\{closure}()
 3 SYSTEMPATH\Common.php(1188): CodeIgniter\View\View->render('/prodFile/proselect', [], true)
 4 APPPATH\Views\index.php(7): view('/prodFile/proselect')
 5 SYSTEMPATH\View\View.php(226): include('C:\\laragon\\www\\Laboratory3\\app\\Views\\index.php')
 6 SYSTEMPATH\View\View.php(229): CodeIgniter\View\View->CodeIgniter\View\{closure}()
 7 SYSTEMPATH\Common.php(1188): CodeIgniter\View\View->render('index', [], true)
 8 APPPATH\Controllers\ProductController.php(42): view('index', [...])
 9 SYSTEMPATH\CodeIgniter.php(919): App\Controllers\ProductController->home()
10 SYSTEMPATH\CodeIgniter.php(494): CodeIgniter\CodeIgniter->runController(Object(App\Controllers\ProductController))
11 SYSTEMPATH\CodeIgniter.php(353): CodeIgniter\CodeIgniter->handleRequest(null, Object(Config\Cache), false)
12 FCPATH\index.php(79): CodeIgniter\CodeIgniter->run()
13 SYSTEMPATH\Commands\Server\rewrite.php(47): require_once('C:\\laragon\\www\\Laboratory3\\public\\index.php')
